Build started 10/11/2011 9:50:36 AM.
     1>Project "C:\Nicksdata\radarProcess\radarProcess\radarProcess.vcxproj" on node 2 (build target(s)).
     1>InitializeBuildStatus:
         Creating "Release\radarProcess.unsuccessfulbuild" because "AlwaysCreate" was specified.
       AddCudaCompileDeps:
         c:\Program Files (x86)\Microsoft Visual Studio 10.0\VC\bin\cl.exe /E /nologo /showIncludes /TP /I"C:\Program Files (x86)\NVIDIA GPU Computing Toolkit\CUDA\v4.0\bin" /I"C:\Program Files (x86)\NVIDIA GPU Computing Toolkit\CUDA\v4.0\include" /I. /FIcuda_runtime.h /c C:\Nicksdata\radarProcess\radarProcess\GpuGrid.cu 
       AddCudaCompilePropsDeps:
         Found "CudaToolkitCustomDir".
         Found "AdditionalDeps".
         Found "CompileOut".
         Found "Include".
         Found "Keep".
         Found "KeepDir".
         Found "NvccCompilation".
         Found "NvccPath".
         Found "RequiredIncludes".
         Found "TargetMachinePlatform".
         Found "CInterleavedPTX".
         Found "CodeGeneration".
         Found "GPUDebugInfo".
         Found "MaxRegCount".
         Found "PtxAsOptionV".
         Found "Defines".
         Found "Emulation".
         Found "HostDebugInfo".
         Found "FastMath".
         Found "Optimization".
         Found "Runtime".
         Found "RuntimeChecks".
         Found "TypeInfo".
         Found "Warning".
         Found "AdditionalOptions".
         Found "CommandLineTemplate".
       CudaBuild:
         Compiling CUDA source file GpuGrid.cu...
         cmd.exe /C "C:\Users\mor582\AppData\Local\Temp\66e3c177ec0e4243a7ca2ee7a5e3d3cc.cmd"
         "C:\Program Files (x86)\NVIDIA GPU Computing Toolkit\CUDA\v4.0\bin\nvcc.exe" -gencode=arch=compute_10,code=\"sm_10,compute_10\" --use-local-env --cl-version 2010 -ccbin "c:\Program Files (x86)\Microsoft Visual Studio 10.0\VC\bin"  -I"C:\Program Files (x86)\NVIDIA GPU Computing Toolkit\CUDA\v4.0\include"    --keep-dir "Release" -maxrregcount=0  --machine 32 --compile      -Xcompiler "/EHsc /nologo /Od /Zi  /MD " -o "Release\GpuGrid.cu.obj" "C:\Nicksdata\radarProcess\radarProcess\GpuGrid.cu"
         
         C:\Nicksdata\radarProcess\radarProcess>"C:\Program Files (x86)\NVIDIA GPU Computing Toolkit\CUDA\v4.0\bin\nvcc.exe" -gencode=arch=compute_10,code=\"sm_10,compute_10\" --use-local-env --cl-version 2010 -ccbin "c:\Program Files (x86)\Microsoft Visual Studio 10.0\VC\bin"  -I"C:\Program Files (x86)\NVIDIA GPU Computing Toolkit\CUDA\v4.0\include"    --keep-dir "Release" -maxrregcount=0  --machine 32 --compile      -Xcompiler "/EHsc /nologo /Od /Zi  /MD " -o "Release\GpuGrid.cu.obj" "C:\Nicksdata\radarProcess\radarProcess\GpuGrid.cu" 
         GpuGrid.cu
     1>C:/Nicksdata/radarProcess/radarProcess/GpuGrid.cu(58): warning : variable "startbin" was declared but never referenced
         
     1>C:/Nicksdata/radarProcess/radarProcess/GpuGrid.cu(259): warning : variable "result" was declared but never referenced
         
         tmpxft_00003278_00000000-0_GpuGrid.cudafe1.gpu
         tmpxft_00003278_00000000-5_GpuGrid.cudafe2.gpu
         GpuGrid.cu
     1>C:/Nicksdata/radarProcess/radarProcess/GpuGrid.cu(58): warning : variable "startbin" was declared but never referenced
         
     1>C:/Nicksdata/radarProcess/radarProcess/GpuGrid.cu(259): warning : variable "result" was declared but never referenced
         
     1>ptxas C : /Users/mor582/AppData/Local/Temp/tmpxft_00003278_00000000-1_GpuGrid.ptx, line 279; warning : Double is not supported. Demoting to float
         tmpxft_00003278_00000000-0_GpuGrid.cudafe1.cpp
         tmpxft_00003278_00000000-11_GpuGrid.ii
       ClCompile:
         c:\Program Files (x86)\Microsoft Visual Studio 10.0\VC\bin\CL.exe /c /I"C:\Program Files\NVIDIA GPU Computing Toolkit\CUDA\v4.0\include" /I"C:\Program Files\MATLAB\R2011a\extern\include" /I"C:\Nick'sdata\boost_1_46_1" /I"C:\Nick'sdata\netcdf-4.1.2\include" /I"C:\Nick'sdata\netcdf-4.1.1\win32\NET" /I"C:\Program Files (x86)\NVIDIA GPU Computing Toolkit\CUDA\v4.0\include" /Zi /nologo /W3 /WX- /O2 /Oi /Oy- /GL /D _MBCS /D _AFXDLL /Gm- /EHsc /MD /GS /Gy /fp:precise /Zc:wchar_t /Zc:forScope /Fo"Release\\" /Fd"Release\vc100.pdb" /Gd /TP /analyze- /errorReport:prompt "..\..\netcdf-4.1.3\cxx\ncvalues.cpp" "..\..\netcdf-4.1.3\cxx\netcdf.cpp" anyoption.cpp IsrRadarFile.cpp radarrename.cpp tinystr.cpp tinyxml.cpp tinyxmlerror.cpp tinyxmlparser.cpp
         ncvalues.cpp
     1>..\..\netcdf-4.1.3\cxx\ncvalues.cpp(10): fatal error C1083: Cannot open include file: 'config.h': No such file or directory
         netcdf.cpp
     1>..\..\netcdf-4.1.3\cxx\netcdf.cpp(10): fatal error C1083: Cannot open include file: 'config.h': No such file or directory
         anyoption.cpp
     1>anyoption.cpp(132): warning C4996: 'strcpy': This function or variable may be unsafe. Consider using strcpy_s instead. To disable deprecation, use _CRT_SECURE_NO_WARNINGS. See online help for details.
                 c:\Program Files (x86)\Microsoft Visual Studio 10.0\VC\include\string.h(105) : see declaration of 'strcpy'
     1>anyoption.cpp(281): warning C4996: 'strcpy': This function or variable may be unsafe. Consider using strcpy_s instead. To disable deprecation, use _CRT_SECURE_NO_WARNINGS. See online help for details.
                 c:\Program Files (x86)\Microsoft Visual Studio 10.0\VC\include\string.h(105) : see declaration of 'strcpy'
     1>anyoption.cpp(851): warning C4996: 'strcpy': This function or variable may be unsafe. Consider using strcpy_s instead. To disable deprecation, use _CRT_SECURE_NO_WARNINGS. See online help for details.
                 c:\Program Files (x86)\Microsoft Visual Studio 10.0\VC\include\string.h(105) : see declaration of 'strcpy'
     1>anyoption.cpp(866): warning C4996: 'strcpy': This function or variable may be unsafe. Consider using strcpy_s instead. To disable deprecation, use _CRT_SECURE_NO_WARNINGS. See online help for details.
                 c:\Program Files (x86)\Microsoft Visual Studio 10.0\VC\include\string.h(105) : see declaration of 'strcpy'
     1>anyoption.cpp(881): warning C4996: 'strcpy': This function or variable may be unsafe. Consider using strcpy_s instead. To disable deprecation, use _CRT_SECURE_NO_WARNINGS. See online help for details.
                 c:\Program Files (x86)\Microsoft Visual Studio 10.0\VC\include\string.h(105) : see declaration of 'strcpy'
     1>anyoption.cpp(896): warning C4996: 'strcpy': This function or variable may be unsafe. Consider using strcpy_s instead. To disable deprecation, use _CRT_SECURE_NO_WARNINGS. See online help for details.
                 c:\Program Files (x86)\Microsoft Visual Studio 10.0\VC\include\string.h(105) : see declaration of 'strcpy'
     1>anyoption.cpp(958): warning C4244: '=' : conversion from 'std::streamoff' to 'int', possible loss of data
         IsrRadarFile.cpp
     1>c:\Program Files (x86)\Microsoft Visual Studio 10.0\VC\include\intrin.h(1092): warning C4995: 'wcscat': name was marked as #pragma deprecated
     1>c:\Program Files (x86)\Microsoft Visual Studio 10.0\VC\include\intrin.h(1094): warning C4995: 'wcscpy': name was marked as #pragma deprecated
     1>IsrRadarFile.cpp(54): warning C4101: 'checkByte' : unreferenced local variable
     1>IsrRadarFile.cpp(273): warning C4995: 'sprintf': name was marked as #pragma deprecated
     1>IsrRadarFile.cpp(329): warning C4101: 'lineBuffPointer' : unreferenced local variable
     1>IsrRadarFile.cpp(351): warning C4101: 'shaftCount' : unreferenced local variable
     1>IsrRadarFile.cpp(351): warning C4101: 'scanCount' : unreferenced local variable
     1>IsrRadarFile.cpp(648): warning C4307: '*' : integral constant overflow
     1>IsrRadarFile.cpp(633): warning C4101: 'success' : unreferenced local variable
     1>IsrRadarFile.cpp(815): warning C4995: 'sprintf': name was marked as #pragma deprecated
     1>IsrRadarFile.cpp(833): warning C4995: 'sprintf': name was marked as #pragma deprecated
     1>IsrRadarFile.cpp(863): warning C4101: 'success' : unreferenced local variable
         radarrename.cpp
     1>c:\Program Files (x86)\Microsoft Visual Studio 10.0\VC\include\intrin.h(1092): warning C4995: 'wcscat': name was marked as #pragma deprecated
     1>c:\Program Files (x86)\Microsoft Visual Studio 10.0\VC\include\intrin.h(1094): warning C4995: 'wcscpy': name was marked as #pragma deprecated
     1>radarrename.cpp(49): warning C4101: 'ffd' : unreferenced local variable
     1>radarrename.cpp(926): warning C4305: 'initializing' : truncation from 'double' to 'float'
     1>radarrename.cpp(963): warning C4305: 'initializing' : truncation from 'double' to 'float'
         tinystr.cpp
         tinyxml.cpp
         tinyxmlerror.cpp
         tinyxmlparser.cpp
     1>Done Building Project "C:\Nicksdata\radarProcess\radarProcess\radarProcess.vcxproj" (build target(s)) -- FAILED.

Build FAILED.

Time Elapsed 00:00:35.37
